# JRE version: Java(TM) SE Runtime Environment (8.0_181-b13) (build 1.8.0_181-b13)
# Java VM: Java HotSpot(TM) 64-Bit Server VM (25.181-b13 mixed mode linux-amd64 compressed oops)
Heap:
 PSYoungGen      total 172032K, used 41244K [0x00000000d6f00000, 0x00000000e2f00000, 0x0000000100000000)
  eden space 163840K, 20% used [0x00000000d6f00000,0x00000000d8f5f340,0x00000000e0f00000)
  from space 8192K, 98% used [0x00000000e1800000,0x00000000e1fe8080,0x00000000e2000000)
  to   space 14336K, 0% used [0x00000000e2100000,0x00000000e2100000,0x00000000e2f00000)
 ParOldGen       total 90112K, used 28977K [0x0000000084c00000, 0x000000008a400000, 0x00000000d6f00000)
  object space 90112K, 32% used [0x0000000084c00000,0x000000008684c520,0x000000008a400000)
 Metaspace       used 50323K, capacity 54878K, committed 55168K, reserved 1097728K
  class space    used 6963K, capacity 7753K, committed 7808K, reserved 1048576K
GC Heap History (10 events):
Event: 4453.218 GC heap before
{Heap before GC invocations=34 (full 5):
 PSYoungGen      total 205824K, used 199546K [0x00000000d6f00000, 0x00000000e4d80000, 0x0000000100000000)
  eden space 189440K, 100% used [0x00000000d6f00000,0x00000000e2800000,0x00000000e2800000)
  from space 16384K, 61% used [0x00000000e3780000,0x00000000e415e888,0x00000000e4780000)
  to   space 15872K, 0% used [0x00000000e2800000,0x00000000e2800000,0x00000000e3780000)
 ParOldGen       total 90112K, used 28937K [0x0000000084c00000, 0x000000008a400000, 0x00000000d6f00000)
  object space 90112K, 32% used [0x0000000084c00000,0x0000000086842520,0x000000008a400000)
 Metaspace       used 50031K, capacity 54396K, committed 54528K, reserved 1095680K
  class space    used 6905K, capacity 7651K, committed 7680K, reserved 1048576K
Event: 4453.265 GC heap after
Heap after GC invocations=34 (full 5):
 PSYoungGen      total 205312K, used 6257K [0x00000000d6f00000, 0x00000000e4c80000, 0x0000000100000000)
  eden space 189440K, 0% used [0x00000000d6f00000,0x00000000d6f00000,0x00000000e2800000)
  from space 15872K, 39% used [0x00000000e2800000,0x00000000e2e1c538,0x00000000e3780000)
  to   space 15872K, 0% used [0x00000000e3d00000,0x00000000e3d00000,0x00000000e4c80000)
 ParOldGen       total 90112K, used 28945K [0x0000000084c00000, 0x000000008a400000, 0x00000000d6f00000)
  object space 90112K, 32% used [0x0000000084c00000,0x0000000086844520,0x000000008a400000)
 Metaspace       used 50031K, capacity 54396K, committed 54528K, reserved 1095680K
  class space    used 6905K, capacity 7651K, committed 7680K, reserved 1048576K
}
Event: 4753.473 GC heap before
{Heap before GC invocations=35 (full 5):
 PSYoungGen      total 205312K, used 195697K [0x00000000d6f00000, 0x00000000e4c80000, 0x0000000100000000)
  eden space 189440K, 100% used [0x00000000d6f00000,0x00000000e2800000,0x00000000e2800000)
  from space 15872K, 39% used [0x00000000e2800000,0x00000000e2e1c538,0x00000000e3780000)
  to   space 15872K, 0% used [0x00000000e3d00000,0x00000000e3d00000,0x00000000e4c80000)
 ParOldGen       total 90112K, used 28945K [0x0000000084c00000, 0x000000008a400000, 0x00000000d6f00000)
  object space 90112K, 32% used [0x0000000084c00000,0x0000000086844520,0x000000008a400000)
 Metaspace       used 50078K, capacity 54470K, committed 54656K, reserved 1095680K
  class space    used 6922K, capacity 7682K, committed 7808K, reserved 1048576K
Event: 4753.509 GC heap after
Heap after GC invocations=35 (full 5):
 PSYoungGen      total 189440K, used 6225K [0x00000000d6f00000, 0x00000000e4380000, 0x0000000100000000)
  eden space 182784K, 0% used [0x00000000d6f00000,0x00000000d6f00000,0x00000000e2180000)
  from space 6656K, 93% used [0x00000000e3d00000,0x00000000e4314558,0x00000000e4380000)
  to   space 15872K, 0% used [0x00000000e2480000,0x00000000e2480000,0x00000000e3400000)
 ParOldGen       total 90112K, used 28953K [0x0000000084c00000, 0x000000008a400000, 0x00000000d6f00000)
  object space 90112K, 32% used [0x0000000084c00000,0x0000000086846520,0x000000008a400000)
 Metaspace       used 50078K, capacity 54470K, committed 54656K, reserved 1095680K
  class space    used 6922K, capacity 7682K, committed 7808K, reserved 1048576K
}
Event: 5020.939 GC heap before
{Heap before GC invocations=36 (full 5):
 PSYoungGen      total 189440K, used 189009K [0x00000000d6f00000, 0x00000000e4380000, 0x0000000100000000)
  eden space 182784K, 100% used [0x00000000d6f00000,0x00000000e2180000,0x00000000e2180000)
  from space 6656K, 93% used [0x00000000e3d00000,0x00000000e4314558,0x00000000e4380000)
  to   space 15872K, 0% used [0x00000000e2480000,0x00000000e2480000,0x00000000e3400000)
 ParOldGen       total 90112K, used 28953K [0x0000000084c00000, 0x000000008a400000, 0x00000000d6f00000)
  object space 90112K, 32% used [0x0000000084c00000,0x0000000086846520,0x000000008a400000)
 Metaspace       used 50239K, capacity 54780K, committed 54912K, reserved 1095680K
  class space    used 6951K, capacity 7735K, committed 7808K, reserved 1048576K
Event: 5020.985 GC heap after
Heap after GC invocations=36 (full 5):
 PSYoungGen      total 182784K, used 6289K [0x00000000d6f00000, 0x00000000e3d80000, 0x0000000100000000)
  eden space 176128K, 0% used [0x00000000d6f00000,0x00000000d6f00000,0x00000000e1b00000)
  from space 6656K, 94% used [0x00000000e2480000,0x00000000e2aa4558,0x00000000e2b00000)
  to   space 15360K, 0% used [0x00000000e2e80000,0x00000000e2e80000,0x00000000e3d80000)
 ParOldGen       total 90112K, used 28961K [0x0000000084c00000, 0x000000008a400000, 0x00000000d6f00000)
  object space 90112K, 32% used [0x0000000084c00000,0x0000000086848520,0x000000008a400000)
 Metaspace       used 50239K, capacity 54780K, committed 54912K, reserved 1095680K
  class space    used 6951K, capacity 7735K, committed 7808K, reserved 1048576K
}
Event: 5288.732 GC heap before
{Heap before GC invocations=37 (full 5):
 PSYoungGen      total 182784K, used 182417K [0x00000000d6f00000, 0x00000000e3d80000, 0x0000000100000000)
  eden space 176128K, 100% used [0x00000000d6f00000,0x00000000e1b00000,0x00000000e1b00000)
  from space 6656K, 94% used [0x00000000e2480000,0x00000000e2aa4558,0x00000000e2b00000)
  to   space 15360K, 0% used [0x00000000e2e80000,0x00000000e2e80000,0x00000000e3d80000)
 ParOldGen       total 90112K, used 28961K [0x0000000084c00000, 0x000000008a400000, 0x00000000d6f00000)
  object space 90112K, 32% used [0x0000000084c00000,0x0000000086848520,0x000000008a400000)
 Metaspace       used 50258K, capacity 54782K, committed 54912K, reserved 1095680K
  class space    used 6952K, capacity 7736K, committed 7808K, reserved 1048576K
Event: 5288.746 GC heap after
Heap after GC invocations=37 (full 5):
 PSYoungGen      total 176640K, used 6368K [0x00000000d6f00000, 0x00000000e3500000, 0x0000000100000000)
  eden space 169984K, 0% used [0x00000000d6f00000,0x00000000d6f00000,0x00000000e1500000)
  from space 6656K, 95% used [0x00000000e2e80000,0x00000000e34b8080,0x00000000e3500000)
  to   space 14848K, 0% used [0x00000000e1800000,0x00000000e1800000,0x00000000e2680000)
 ParOldGen       total 90112K, used 28969K [0x0000000084c00000, 0x000000008a400000, 0x00000000d6f00000)
  object space 90112K, 32% used [0x0000000084c00000,0x000000008684a520,0x000000008a400000)
 Metaspace       used 50258K, capacity 54782K, committed 54912K, reserved 1095680K
  class space    used 6952K, capacity 7736K, committed 7808K, reserved 1048576K
}
Event: 5557.517 GC heap before
{Heap before GC invocations=38 (full 5):
 PSYoungGen      total 176640K, used 176352K [0x00000000d6f00000, 0x00000000e3500000, 0x0000000100000000)
  eden space 169984K, 100% used [0x00000000d6f00000,0x00000000e1500000,0x00000000e1500000)
  from space 6656K, 95% used [0x00000000e2e80000,0x00000000e34b8080,0x00000000e3500000)
  to   space 14848K, 0% used [0x00000000e1800000,0x00000000e1800000,0x00000000e2680000)
 ParOldGen       total 90112K, used 28969K [0x0000000084c00000, 0x000000008a400000, 0x00000000d6f00000)
  object space 90112K, 32% used [0x0000000084c00000,0x000000008684a520,0x000000008a400000)
 Metaspace       used 50258K, capacity 54782K, committed 54912K, reserved 1095680K
  class space    used 6952K, capacity 7736K, committed 7808K, reserved 1048576K
Event: 5557.532 GC heap after
Heap after GC invocations=38 (full 5):
 PSYoungGen      total 172032K, used 8096K [0x00000000d6f00000, 0x00000000e2f00000, 0x0000000100000000)
  eden space 163840K, 0% used [0x00000000d6f00000,0x00000000d6f00000,0x00000000e0f00000)
  from space 8192K, 98% used [0x00000000e1800000,0x00000000e1fe8080,0x00000000e2000000)
  to   space 14336K, 0% used [0x00000000e2100000,0x00000000e2100000,0x00000000e2f00000)
 ParOldGen       total 90112K, used 28977K [0x0000000084c00000, 0x000000008a400000, 0x00000000d6f00000)
  object space 90112K, 32% used [0x0000000084c00000,0x000000008684c520,0x000000008a400000)
 Metaspace       used 50258K, capacity 54782K, committed 54912K, reserved 1095680K
  class space    used 6952K, capacity 7736K, committed 7808K, reserved 1048576K
}

